Bugtags-Android-Eclipse-Demo/proguard/seeds.txt
com.bugtags.demo.Application
com.bugtags.demo.Application: Application()
com.bugtags.demo.ConfigActivity
com.bugtags.demo.ConfigActivity: ConfigActivity()
com.bugtags.demo.CustomActivity
com.bugtags.demo.CustomActivity: CustomActivity()
com.bugtags.demo.CustomActivity: void onBack(android.view.View)
com.bugtags.demo.FeedbackActivity
com.bugtags.demo.FeedbackActivity: FeedbackActivity()
com.bugtags.demo.FeedbackActivity: void onPost(android.view.View)
com.bugtags.demo.FunctionsActivity
com.bugtags.demo.FunctionsActivity: FunctionsActivity()
com.bugtags.demo.MainActivity
com.bugtags.demo.MainActivity: MainActivity()
com.bugtags.demo.MainActivity: void onFeedback(android.view.View)
com.bugtags.demo.MainActivity: void onCustom(android.view.View)
com.bugtags.demo.MainActivity: void onFunctions(android.view.View)
com.bugtags.demo.MainActivity: void onConfig(android.view.View)
...
android.support.v4.app.FragmentActivity: FragmentActivity()
android.support.v4.widget.Space
android.support.v4.widget.Space: Space(android.content.Context,android.util.AttributeSet,int)
android.support.v4.widget.Space: Space(android.content.Context,android.util.AttributeSet)
android.support.v4.widget.Space: Space(android.content.Context)
android.support.v7.app.AppCompatActivity: AppCompatActivity()
android.support.v7.internal.view.menu.ActionMenuItemView
android.support.v7.internal.view.menu.ActionMenuItemView: ActionMenuItemView(android.content.Context)
android.support.v7.internal.view.menu.ActionMenuItemView: ActionMenuItemView(android.content.Context,android.util.AttributeSet)
android.support.v7.internal.view.menu.ActionMenuItemView: ActionMenuItemView(android.content.Context,android.util.AttributeSet,int)
android.support.v7.internal.view.menu.ExpandedMenuView
android.support.v7.internal.view.menu.ExpandedMenuView: ExpandedMenuView(android.content.Context,android.util.AttributeSet)
android.support.v7.internal.view.menu.ExpandedMenuView: ExpandedMenuView(android.content.Context,android.util.AttributeSet,int)
android.support.v7.internal.view.menu.ListMenuItemView
android.support.v7.internal.view.menu.ListMenuItemView: ListMenuItemView(android.content.Context,android.util.AttributeSet,int)
android.support.v7.internal.view.menu.ListMenuItemView: ListMenuItemView(android.content.Context,android.util.AttributeSet)
android.support.v7.internal.widget.AbsActionBarView: AbsActionBarView(android.content.Context)
android.support.v7.internal.widget.AbsActionBarView: AbsActionBarView(android.content.Context,android.util.AttributeSet)
android.support.v7.internal.widget.AbsActionBarView: AbsActionBarView(android.content.Context,android.util.AttributeSet,int)
android.support.v7.internal.widget.ActionBarContainer
android.support.v7.internal.widget.ActionBarContainer: ActionBarContainer(android.content.Context)
android.support.v7.internal.widget.ActionBarContainer: ActionBarContainer(android.content.Context,android.util.AttributeSet)
android.support.v7.internal.widget.ActionBarContextView
android.support.v7.internal.widget.ActionBarContextView: ActionBarContextView(android.content.Context)
android.support.v7.internal.widget.ActionBarContextView: ActionBarContextView(android.content.Context,android.util.AttributeSet)
android.support.v7.internal.widget.ActionBarContextView: ActionBarContextView(android.content.Context,android.util.AttributeSet,int)
android.support.v7.internal.widget.ActionBarOverlayLayout
android.support.v7.internal.widget.ActionBarOverlayLayout: ActionBarOverlayLayout(android.content.Context)
android.support.v7.internal.widget.ActionBarOverlayLayout: ActionBarOverlayLayout(android.content.Context,android.util.AttributeSet)
android.support.v7.internal.widget.ActivityChooserView$InnerLayout
android.support.v7.internal.widget.ActivityChooserView$InnerLayout: ActivityChooserView$InnerLayout(android.content.Context,android.util.AttributeSet)
android.support.v7.internal.widget.ContentFrameLayout
android.support.v7.internal.widget.ContentFrameLayout: ContentFrameLayout(android.content.Context)
android.support.v7.internal.widget.ContentFrameLayout: ContentFrameLayout(android.content.Context,android.util.AttributeSet)
android.support.v7.internal.widget.ContentFrameLayout: ContentFrameLayout(android.content.Context,android.util.AttributeSet,int)
android.support.v7.internal.widget.DialogTitle
android.support.v7.internal.widget.DialogTitle: DialogTitle(android.content.Context,android.util.AttributeSet,int)
android.support.v7.internal.widget.DialogTitle: DialogTitle(android.content.Context,android.util.AttributeSet)
android.support.v7.internal.widget.DialogTitle: DialogTitle(android.content.Context)