Bugtags-Android-Eclipse-Demo/proguard/mapping.txt
com.bugtags.demo.Application -> com.bugtags.demo.Application:
    void onCreate() -> onCreate
com.bugtags.demo.ConfigActivity -> com.bugtags.demo.ConfigActivity:
    void onCreate(android.os.Bundle) -> onCreate
com.bugtags.demo.CustomActivity -> com.bugtags.demo.CustomActivity:
    void onCreate(android.os.Bundle) -> onCreate
    void onResume() -> onResume
    void onPause() -> onPause
    void onDestroy() -> onDestroy
    boolean dispatchTouchEvent(android.view.MotionEvent) -> dispatchTouchEvent
    void onBack(android.view.View) -> onBack
com.bugtags.demo.FeedbackActivity -> com.bugtags.demo.FeedbackActivity:
    android.widget.EditText mEditText -> e
    void onCreate(android.os.Bundle) -> onCreate
    void onPost(android.view.View) -> onPost
com.bugtags.demo.FunctionsActivity -> com.bugtags.demo.FunctionsActivity:
    void onCreate(android.os.Bundle) -> onCreate
com.bugtags.demo.MainActivity -> com.bugtags.demo.MainActivity:
    void onCreate(android.os.Bundle) -> onCreate
    void onFeedback(android.view.View) -> onFeedback
    void onCustom(android.view.View) -> onCustom
    void onFunctions(android.view.View) -> onFunctions
    void onConfig(android.view.View) -> onConfig
...
com.android.volley.NoConnectionError -> com.a.a.m:
com.android.volley.ParseError -> com.a.a.n:
com.android.volley.Request -> com.a.a.o:
    com.android.volley.VolleyLog$MarkerLog mEventLog -> a
    int mMethod -> b
    java.lang.String mUrl -> c
    java.lang.String mRedirectUrl -> d
    int mDefaultTrafficStatsTag -> e
    com.android.volley.Response$ErrorListener mErrorListener -> f
    java.lang.Integer mSequence -> g
    com.android.volley.RequestQueue mRequestQueue -> h
    boolean mShouldCache -> i
    boolean mCanceled -> j
    boolean mResponseDelivered -> k
    long mRequestBirthTime -> l
    com.android.volley.RetryPolicy mRetryPolicy -> m
    com.android.volley.Cache$Entry mCacheEntry -> n
    long sCounter -> o
    int getMethod() -> a
    int getTrafficStatsTag() -> b
    com.android.volley.Request setRetryPolicy(com.android.volley.RetryPolicy) -> a
    void addMarker(java.lang.String) -> a
    void finish(java.lang.String) -> b
    com.android.volley.Request setRequestQueue(com.android.volley.RequestQueue) -> a
    com.android.volley.Request setSequence(int) -> a
    java.lang.String getUrl() -> c
    java.lang.String getOriginUrl() -> d
    void setRedirectUrl(java.lang.String) -> c
    java.lang.String getCacheKey() -> e
    com.android.volley.Request setCacheEntry(com.android.volley.Cache$Entry) -> a
    com.android.volley.Cache$Entry getCacheEntry() -> f
    boolean isCanceled() -> g
    java.util.Map getHeaders() -> h
    java.lang.String getPostBodyContentType() -> i
    byte[] getPostBody() -> j
    java.util.Map getParams() -> k
com.android.volley.Request$1 -> com.a.a.p:
    java.lang.String val$tag -> a
    long val$threadId -> b
    com.android.volley.Request this$0 -> c
    void run() -> run
com.android.volley.Request$Priority -> com.a.a.q:
    com.android.volley.Request$Priority LOW -> a
    com.android.volley.Request$Priority NORMAL -> b
    com.android.volley.Request$Priority HIGH -> c
    com.android.volley.Request$Priority IMMEDIATE -> d
com.android.volley.RequestQueue -> com.a.a.r:
    java.util.concurrent.atomic.AtomicInteger mSequenceGenerator -> a
    java.util.Map mWaitingRequests -> b
    java.util.Set mCurrentRequests -> c
    java.util.concurrent.PriorityBlockingQueue mCacheQueue -> d
    java.util.concurrent.PriorityBlockingQueue mNetworkQueue -> e
    com.android.volley.Cache mCache -> f
    com.android.volley.Network mNetwork -> g
    com.android.volley.ResponseDelivery mDelivery -> h
    com.android.volley.NetworkDispatcher[] mDispatchers -> i
    com.android.volley.CacheDispatcher mCacheDispatcher -> j
    java.util.List mFinishedListeners -> k
    void start() -> a
    com.android.volley.Cache getCache() -> b
    com.android.volley.Request add(com.android.volley.Request) -> a
    void finish(com.android.volley.Request) -> b
com.android.volley.Response -> com.a.a.s:
    java.lang.Object result -> a
    com.android.volley.Cache$Entry cacheEntry -> b
    com.android.volley.VolleyError error -> c
    boolean intermediate -> d
    com.android.volley.Response success(java.lang.Object,com.android.volley.Cache$Entry) -> a
    com.android.volley.Response error(com.android.volley.VolleyError) -> a
com.android.volley.Response$ErrorListener -> com.a.a.t:
    void onErrorResponse(com.android.volley.VolleyError) -> a
com.android.volley.Response$Listener -> com.a.a.u:
    void onResponse(java.lang.Object) -> a
com.android.volley.ResponseDelivery -> com.a.a.v:
    java.util.concurrent.Executor mResponsePoster -> a
    void postResponse(com.android.volley.Request,com.android.volley.Response) -> a
    void postResponse(com.android.volley.Request,com.android.volley.Response,java.lang.Runnable) -> a
    void postError(com.android.volley.Request,com.android.volley.VolleyError) -> a