Bugtags-Android-Eclipse-Demo/proguard/usage.txt
com.bugtags.demo.BuildConfig
com.bugtags.demo.R
com.bugtags.demo.R$anim
com.bugtags.demo.R$array
com.bugtags.demo.R$attr
com.bugtags.demo.R$bool
com.bugtags.demo.R$color
com.bugtags.demo.R$dimen
com.bugtags.demo.R$drawable
com.bugtags.demo.R$id
com.bugtags.demo.R$integer
com.bugtags.demo.R$layout
com.bugtags.demo.R$string
com.bugtags.demo.R$style
com.bugtags.demo.R$styleable
...
android.support.v4.view.ViewCompat$HCViewCompatImpl:
    980:980:public float getAlpha(android.view.View)
    988:988:public int getLayerType(android.view.View)
    994:997:public void setLayerPaint(android.view.View,android.graphics.Paint)
    1004:1004:public int getMeasuredWidthAndState(android.view.View)
    1008:1008:public int getMeasuredHeightAndState(android.view.View)
    1016:1016:public float getTranslationX(android.view.View)
    1036:1037:public void setX(android.view.View,float)
    1040:1041:public void setY(android.view.View,float)
    1044:1045:public void setRotation(android.view.View,float)
    1048:1049:public void setRotationX(android.view.View,float)
    1052:1053:public void setRotationY(android.view.View,float)
    1056:1057:public void setScaleX(android.view.View,float)
    1064:1065:public void setPivotX(android.view.View,float)
    1068:1069:public void setPivotY(android.view.View,float)
    1072:1072:public float getX(android.view.View)
    1077:1077:public float getY(android.view.View)
    1082:1082:public float getRotation(android.view.View)
    1087:1087:public float getRotationX(android.view.View)
    1092:1092:public float getRotationY(android.view.View)
    1097:1097:public float getScaleX(android.view.View)
    1102:1102:public float getScaleY(android.view.View)
    1107:1107:public float getPivotX(android.view.View)
    1111:1111:public float getPivotY(android.view.View)
    1130:1130:public int combineMeasuredStates(int,int)
android.support.v4.view.ViewCompat$ICSViewCompatImpl:
    static java.lang.reflect.Field mAccessibilityDelegateField
    1139:1139:public boolean canScrollHorizontally(android.view.View,int)
    1143:1143:public boolean canScrollVertically(android.view.View,int)
    1147:1148:public void onPopulateAccessibilityEvent(android.view.View,android.view.accessibility.AccessibilityEvent)
    1151:1152:public void onInitializeAccessibilityEvent(android.view.View,android.view.accessibility.AccessibilityEvent)
    1155:1156:public void onInitializeAccessibilityNodeInfo(android.view.View,android.support.v4.view.accessibility.AccessibilityNodeInfoCompat)
    1160:1162:public void setAccessibilityDelegate(android.view.View,android.support.v4.view.AccessibilityDelegateCompat)
    1166:1183:public boolean hasAccessibilityDelegate(android.view.View)
    1203:1204:public void setFitsSystemWindows(android.view.View,boolean)
android.support.v4.view.ViewCompat$ImportantForAccessibility
android.support.v4.view.ViewCompat$JBViewCompatImpl:
    1210:1210:public boolean hasTransientState(android.view.View)
    1214:1215:public void setHasTransientState(android.view.View,boolean)
    1218:1219:public void postInvalidateOnAnimation(android.view.View)
    1222:1223:public void postInvalidateOnAnimation(android.view.View,int,int,int,int)
    1234:1234:public int getImportantForAccessibility(android.view.View)
    1241:1245:public void setImportantForAccessibility(android.view.View,int)
    1248:1248:public boolean performAccessibilityAction(android.view.View,int,android.os.Bundle)
    1252:1256:public android.support.v4.view.accessibility.AccessibilityNodeProviderCompat getAccessibilityNodeProvider(android.view.View)
    1261:1261:public android.view.ViewParent getParentForAccessibility(android.view.View)
    1266:1266:public int getMinimumWidth(android.view.View)
    1281:1281:public boolean getFitsSystemWindows(android.view.View)